2025-11-12T08:48:54.092+09:00  INFO 11388 --- [of-site] [restartedMain] com.of.OfSiteApplication                 : Starting OfSiteApplication using Java 21.0.8 with PID 11388 (C:\s09_springboot\s10_sideProj\side-proj\backend\of-site\bin\main started by YONSAI in C:\s09_springboot\s10_sideProj\side-proj\backend\of-site)
2025-11-12T08:48:54.095+09:00  INFO 11388 --- [of-site] [restartedMain] com.of.OfSiteApplication                 : No active profile set, falling back to 1 default profile: "default"
2025-11-12T08:48:54.129+09:00  INFO 11388 --- [of-site] [restartedMain] .e.DevToolsPropertyDefaultsPostProcessor : Devtools property defaults active! Set 'spring.devtools.add-properties' to 'false' to disable
2025-11-12T08:48:54.129+09:00  INFO 11388 --- [of-site] [restartedMain] .e.DevToolsPropertyDefaultsPostProcessor : For additional web related logging consider setting the 'logging.level.web' property to 'DEBUG'
2025-11-12T08:48:55.021+09:00  INFO 11388 --- [of-site] [restartedMain] o.s.b.w.embedded.tomcat.TomcatWebServer  : Tomcat initialized with port 8095 (http)
2025-11-12T08:48:55.032+09:00  INFO 11388 --- [of-site] [restartedMain] o.apache.catalina.core.StandardService   : Starting service [Tomcat]
2025-11-12T08:48:55.032+09:00  INFO 11388 --- [of-site] [restartedMain] o.apache.catalina.core.StandardEngine    : Starting Servlet engine: [Apache Tomcat/10.1.48]
2025-11-12T08:48:55.066+09:00  INFO 11388 --- [of-site] [restartedMain] o.a.c.c.C.[Tomcat].[localhost].[/]       : Initializing Spring embedded WebApplicationContext
2025-11-12T08:48:55.066+09:00  INFO 11388 --- [of-site] [restartedMain] w.s.c.ServletWebServerApplicationContext : Root WebApplicationContext: initialization completed in 936 ms
2025-11-12T08:48:55.124+09:00  INFO 11388 --- [of-site] [restartedMain] com.zaxxer.hikari.HikariDataSource       : HikariPool-1 - Starting...
2025-11-12T08:48:55.191+09:00  INFO 11388 --- [of-site] [restartedMain] com.zaxxer.hikari.pool.HikariPool        : HikariPool-1 - Added connection org.mariadb.jdbc.Connection@45890d8e
2025-11-12T08:48:55.193+09:00  INFO 11388 --- [of-site] [restartedMain] com.zaxxer.hikari.HikariDataSource       : HikariPool-1 - Start completed.
2025-11-12T08:48:55.688+09:00  INFO 11388 --- [of-site] [restartedMain] o.s.b.d.a.OptionalLiveReloadServer       : LiveReload server is running on port 35729
2025-11-12T08:48:55.717+09:00  INFO 11388 --- [of-site] [restartedMain] o.s.b.w.embedded.tomcat.TomcatWebServer  : Tomcat started on port 8095 (http) with context path '/'
2025-11-12T08:48:55.723+09:00  INFO 11388 --- [of-site] [restartedMain] com.of.OfSiteApplication                 : Started OfSiteApplication in 1.913 seconds (process running for 2.431)
2025-11-12T08:49:04.209+09:00  INFO 11388 --- [of-site] [http-nio-8095-exec-1] o.a.c.c.C.[Tomcat].[localhost].[/]       : Initializing Spring DispatcherServlet 'dispatcherServlet'
2025-11-12T08:49:04.209+09:00  INFO 11388 --- [of-site] [http-nio-8095-exec-1] o.s.web.servlet.DispatcherServlet        : Initializing Servlet 'dispatcherServlet'
2025-11-12T08:49:04.210+09:00  INFO 11388 --- [of-site] [http-nio-8095-exec-1] o.s.web.servlet.DispatcherServlet        : Completed initialization in 1 ms
2025-11-12T10:21:44.536+09:00 ERROR 11388 --- [of-site] [http-nio-8095-exec-8] o.a.c.c.C.[.[.[/].[dispatcherServlet]    : Servlet.service() for servlet [dispatcherServlet] in context with path [] threw exception [Request processing failed: org.springframework.web.reactive.function.client.WebClientRequestException: connection timed out after 5000 ms: openapi.onbid.co.kr/59.186.127.202:80] with root cause

io.netty.channel.ConnectTimeoutException: connection timed out after 5000 ms: openapi.onbid.co.kr/59.186.127.202:80
	at io.netty.channel.nio.AbstractNioChannel$AbstractNioUnsafe$1.run(AbstractNioChannel.java:263) ~[netty-transport-4.1.128.Final.jar:4.1.128.Final]
	at io.netty.util.concurrent.PromiseTask.runTask(PromiseTask.java:98) ~[netty-common-4.1.128.Final.jar:4.1.128.Final]
	at io.netty.util.concurrent.ScheduledFutureTask.run(ScheduledFutureTask.java:160) ~[netty-common-4.1.128.Final.jar:4.1.128.Final]
	at io.netty.util.concurrent.AbstractEventExecutor.runTask(AbstractEventExecutor.java:173) ~[netty-common-4.1.128.Final.jar:4.1.128.Final]
	at io.netty.util.concurrent.AbstractEventExecutor.safeExecute(AbstractEventExecutor.java:166) ~[netty-common-4.1.128.Final.jar:4.1.128.Final]
	at io.netty.util.concurrent.SingleThreadEventExecutor.runAllTasks(SingleThreadEventExecutor.java:472) ~[netty-common-4.1.128.Final.jar:4.1.128.Final]
	at io.netty.channel.nio.NioEventLoop.run(NioEventLoop.java:569) ~[netty-transport-4.1.128.Final.jar:4.1.128.Final]
	at io.netty.util.concurrent.SingleThreadEventExecutor$4.run(SingleThreadEventExecutor.java:998) ~[netty-common-4.1.128.Final.jar:4.1.128.Final]
	at io.netty.util.internal.ThreadExecutorMap$2.run(ThreadExecutorMap.java:74) ~[netty-common-4.1.128.Final.jar:4.1.128.Final]
	at io.netty.util.concurrent.FastThreadLocalRunnable.run(FastThreadLocalRunnable.java:30) ~[netty-common-4.1.128.Final.jar:4.1.128.Final]
	at java.base/java.lang.Thread.run(Thread.java:1583) ~[na:na]

2025-11-12T10:25:32.609+09:00 ERROR 11388 --- [of-site] [http-nio-8095-exec-10] o.a.c.c.C.[.[.[/].[dispatcherServlet]    : Servlet.service() for servlet [dispatcherServlet] in context with path [] threw exception [Request processing failed: org.springframework.web.reactive.function.client.WebClientRequestException: connection timed out after 5000 ms: openapi.onbid.co.kr/59.186.127.202:80] with root cause

io.netty.channel.ConnectTimeoutException: connection timed out after 5000 ms: openapi.onbid.co.kr/59.186.127.202:80
	at io.netty.channel.nio.AbstractNioChannel$AbstractNioUnsafe$1.run(AbstractNioChannel.java:263) ~[netty-transport-4.1.128.Final.jar:4.1.128.Final]
	at io.netty.util.concurrent.PromiseTask.runTask(PromiseTask.java:98) ~[netty-common-4.1.128.Final.jar:4.1.128.Final]
	at io.netty.util.concurrent.ScheduledFutureTask.run(ScheduledFutureTask.java:160) ~[netty-common-4.1.128.Final.jar:4.1.128.Final]
	at io.netty.util.concurrent.AbstractEventExecutor.runTask(AbstractEventExecutor.java:173) ~[netty-common-4.1.128.Final.jar:4.1.128.Final]
	at io.netty.util.concurrent.AbstractEventExecutor.safeExecute(AbstractEventExecutor.java:166) ~[netty-common-4.1.128.Final.jar:4.1.128.Final]
	at io.netty.util.concurrent.SingleThreadEventExecutor.runAllTasks(SingleThreadEventExecutor.java:472) ~[netty-common-4.1.128.Final.jar:4.1.128.Final]
	at io.netty.channel.nio.NioEventLoop.run(NioEventLoop.java:569) ~[netty-transport-4.1.128.Final.jar:4.1.128.Final]
	at io.netty.util.concurrent.SingleThreadEventExecutor$4.run(SingleThreadEventExecutor.java:998) ~[netty-common-4.1.128.Final.jar:4.1.128.Final]
	at io.netty.util.internal.ThreadExecutorMap$2.run(ThreadExecutorMap.java:74) ~[netty-common-4.1.128.Final.jar:4.1.128.Final]
	at io.netty.util.concurrent.FastThreadLocalRunnable.run(FastThreadLocalRunnable.java:30) ~[netty-common-4.1.128.Final.jar:4.1.128.Final]
	at java.base/java.lang.Thread.run(Thread.java:1583) ~[na:na]

2025-11-12T10:25:37.625+09:00 ERROR 11388 --- [of-site] [http-nio-8095-exec-1] o.a.c.c.C.[.[.[/].[dispatcherServlet]    : Servlet.service() for servlet [dispatcherServlet] in context with path [] threw exception [Request processing failed: org.springframework.web.reactive.function.client.WebClientRequestException: connection timed out after 5000 ms: openapi.onbid.co.kr/59.186.127.202:80] with root cause

io.netty.channel.ConnectTimeoutException: connection timed out after 5000 ms: openapi.onbid.co.kr/59.186.127.202:80
	at io.netty.channel.nio.AbstractNioChannel$AbstractNioUnsafe$1.run(AbstractNioChannel.java:263) ~[netty-transport-4.1.128.Final.jar:4.1.128.Final]
	at io.netty.util.concurrent.PromiseTask.runTask(PromiseTask.java:98) ~[netty-common-4.1.128.Final.jar:4.1.128.Final]
	at io.netty.util.concurrent.ScheduledFutureTask.run(ScheduledFutureTask.java:160) ~[netty-common-4.1.128.Final.jar:4.1.128.Final]
	at io.netty.util.concurrent.AbstractEventExecutor.runTask(AbstractEventExecutor.java:173) ~[netty-common-4.1.128.Final.jar:4.1.128.Final]
	at io.netty.util.concurrent.AbstractEventExecutor.safeExecute(AbstractEventExecutor.java:166) ~[netty-common-4.1.128.Final.jar:4.1.128.Final]
	at io.netty.util.concurrent.SingleThreadEventExecutor.runAllTasks(SingleThreadEventExecutor.java:472) ~[netty-common-4.1.128.Final.jar:4.1.128.Final]
	at io.netty.channel.nio.NioEventLoop.run(NioEventLoop.java:569) ~[netty-transport-4.1.128.Final.jar:4.1.128.Final]
	at io.netty.util.concurrent.SingleThreadEventExecutor$4.run(SingleThreadEventExecutor.java:998) ~[netty-common-4.1.128.Final.jar:4.1.128.Final]
	at io.netty.util.internal.ThreadExecutorMap$2.run(ThreadExecutorMap.java:74) ~[netty-common-4.1.128.Final.jar:4.1.128.Final]
	at io.netty.util.concurrent.FastThreadLocalRunnable.run(FastThreadLocalRunnable.java:30) ~[netty-common-4.1.128.Final.jar:4.1.128.Final]
	at java.base/java.lang.Thread.run(Thread.java:1583) ~[na:na]

2025-11-12T10:25:46.287+09:00 ERROR 11388 --- [of-site] [http-nio-8095-exec-2] o.a.c.c.C.[.[.[/].[dispatcherServlet]    : Servlet.service() for servlet [dispatcherServlet] in context with path [] threw exception [Request processing failed: org.springframework.web.reactive.function.client.WebClientRequestException: connection timed out after 5000 ms: openapi.onbid.co.kr/59.186.127.202:80] with root cause

io.netty.channel.ConnectTimeoutException: connection timed out after 5000 ms: openapi.onbid.co.kr/59.186.127.202:80
	at io.netty.channel.nio.AbstractNioChannel$AbstractNioUnsafe$1.run(AbstractNioChannel.java:263) ~[netty-transport-4.1.128.Final.jar:4.1.128.Final]
	at io.netty.util.concurrent.PromiseTask.runTask(PromiseTask.java:98) ~[netty-common-4.1.128.Final.jar:4.1.128.Final]
	at io.netty.util.concurrent.ScheduledFutureTask.run(ScheduledFutureTask.java:160) ~[netty-common-4.1.128.Final.jar:4.1.128.Final]
	at io.netty.util.concurrent.AbstractEventExecutor.runTask(AbstractEventExecutor.java:173) ~[netty-common-4.1.128.Final.jar:4.1.128.Final]
	at io.netty.util.concurrent.AbstractEventExecutor.safeExecute(AbstractEventExecutor.java:166) ~[netty-common-4.1.128.Final.jar:4.1.128.Final]
	at io.netty.util.concurrent.SingleThreadEventExecutor.runAllTasks(SingleThreadEventExecutor.java:472) ~[netty-common-4.1.128.Final.jar:4.1.128.Final]
	at io.netty.channel.nio.NioEventLoop.run(NioEventLoop.java:569) ~[netty-transport-4.1.128.Final.jar:4.1.128.Final]
	at io.netty.util.concurrent.SingleThreadEventExecutor$4.run(SingleThreadEventExecutor.java:998) ~[netty-common-4.1.128.Final.jar:4.1.128.Final]
	at io.netty.util.internal.ThreadExecutorMap$2.run(ThreadExecutorMap.java:74) ~[netty-common-4.1.128.Final.jar:4.1.128.Final]
	at io.netty.util.concurrent.FastThreadLocalRunnable.run(FastThreadLocalRunnable.java:30) ~[netty-common-4.1.128.Final.jar:4.1.128.Final]
	at java.base/java.lang.Thread.run(Thread.java:1583) ~[na:na]

2025-11-12T10:25:52.488+09:00 ERROR 11388 --- [of-site] [http-nio-8095-exec-3] o.a.c.c.C.[.[.[/].[dispatcherServlet]    : Servlet.service() for servlet [dispatcherServlet] in context with path [] threw exception [Request processing failed: org.springframework.web.reactive.function.client.WebClientRequestException: connection timed out after 5000 ms: openapi.onbid.co.kr/59.186.127.202:80] with root cause

io.netty.channel.ConnectTimeoutException: connection timed out after 5000 ms: openapi.onbid.co.kr/59.186.127.202:80
	at io.netty.channel.nio.AbstractNioChannel$AbstractNioUnsafe$1.run(AbstractNioChannel.java:263) ~[netty-transport-4.1.128.Final.jar:4.1.128.Final]
	at io.netty.util.concurrent.PromiseTask.runTask(PromiseTask.java:98) ~[netty-common-4.1.128.Final.jar:4.1.128.Final]
	at io.netty.util.concurrent.ScheduledFutureTask.run(ScheduledFutureTask.java:160) ~[netty-common-4.1.128.Final.jar:4.1.128.Final]
	at io.netty.util.concurrent.AbstractEventExecutor.runTask(AbstractEventExecutor.java:173) ~[netty-common-4.1.128.Final.jar:4.1.128.Final]
	at io.netty.util.concurrent.AbstractEventExecutor.safeExecute(AbstractEventExecutor.java:166) ~[netty-common-4.1.128.Final.jar:4.1.128.Final]
	at io.netty.util.concurrent.SingleThreadEventExecutor.runAllTasks(SingleThreadEventExecutor.java:472) ~[netty-common-4.1.128.Final.jar:4.1.128.Final]
	at io.netty.channel.nio.NioEventLoop.run(NioEventLoop.java:569) ~[netty-transport-4.1.128.Final.jar:4.1.128.Final]
	at io.netty.util.concurrent.SingleThreadEventExecutor$4.run(SingleThreadEventExecutor.java:998) ~[netty-common-4.1.128.Final.jar:4.1.128.Final]
	at io.netty.util.internal.ThreadExecutorMap$2.run(ThreadExecutorMap.java:74) ~[netty-common-4.1.128.Final.jar:4.1.128.Final]
	at io.netty.util.concurrent.FastThreadLocalRunnable.run(FastThreadLocalRunnable.java:30) ~[netty-common-4.1.128.Final.jar:4.1.128.Final]
	at java.base/java.lang.Thread.run(Thread.java:1583) ~[na:na]

2025-11-12T10:25:57.502+09:00 ERROR 11388 --- [of-site] [http-nio-8095-exec-4] o.a.c.c.C.[.[.[/].[dispatcherServlet]    : Servlet.service() for servlet [dispatcherServlet] in context with path [] threw exception [Request processing failed: org.springframework.web.reactive.function.client.WebClientRequestException: connection timed out after 5000 ms: openapi.onbid.co.kr/59.186.127.202:80] with root cause

io.netty.channel.ConnectTimeoutException: connection timed out after 5000 ms: openapi.onbid.co.kr/59.186.127.202:80
	at io.netty.channel.nio.AbstractNioChannel$AbstractNioUnsafe$1.run(AbstractNioChannel.java:263) ~[netty-transport-4.1.128.Final.jar:4.1.128.Final]
	at io.netty.util.concurrent.PromiseTask.runTask(PromiseTask.java:98) ~[netty-common-4.1.128.Final.jar:4.1.128.Final]
	at io.netty.util.concurrent.ScheduledFutureTask.run(ScheduledFutureTask.java:160) ~[netty-common-4.1.128.Final.jar:4.1.128.Final]
	at io.netty.util.concurrent.AbstractEventExecutor.runTask(AbstractEventExecutor.java:173) ~[netty-common-4.1.128.Final.jar:4.1.128.Final]
	at io.netty.util.concurrent.AbstractEventExecutor.safeExecute(AbstractEventExecutor.java:166) ~[netty-common-4.1.128.Final.jar:4.1.128.Final]
	at io.netty.util.concurrent.SingleThreadEventExecutor.runAllTasks(SingleThreadEventExecutor.java:472) ~[netty-common-4.1.128.Final.jar:4.1.128.Final]
	at io.netty.channel.nio.NioEventLoop.run(NioEventLoop.java:569) ~[netty-transport-4.1.128.Final.jar:4.1.128.Final]
	at io.netty.util.concurrent.SingleThreadEventExecutor$4.run(SingleThreadEventExecutor.java:998) ~[netty-common-4.1.128.Final.jar:4.1.128.Final]
	at io.netty.util.internal.ThreadExecutorMap$2.run(ThreadExecutorMap.java:74) ~[netty-common-4.1.128.Final.jar:4.1.128.Final]
	at io.netty.util.concurrent.FastThreadLocalRunnable.run(FastThreadLocalRunnable.java:30) ~[netty-common-4.1.128.Final.jar:4.1.128.Final]
	at java.base/java.lang.Thread.run(Thread.java:1583) ~[na:na]

2025-11-12T10:26:02.518+09:00 ERROR 11388 --- [of-site] [http-nio-8095-exec-5] o.a.c.c.C.[.[.[/].[dispatcherServlet]    : Servlet.service() for servlet [dispatcherServlet] in context with path [] threw exception [Request processing failed: org.springframework.web.reactive.function.client.WebClientRequestException: connection timed out after 5000 ms: openapi.onbid.co.kr/59.186.127.202:80] with root cause

io.netty.channel.ConnectTimeoutException: connection timed out after 5000 ms: openapi.onbid.co.kr/59.186.127.202:80
	at io.netty.channel.nio.AbstractNioChannel$AbstractNioUnsafe$1.run(AbstractNioChannel.java:263) ~[netty-transport-4.1.128.Final.jar:4.1.128.Final]
	at io.netty.util.concurrent.PromiseTask.runTask(PromiseTask.java:98) ~[netty-common-4.1.128.Final.jar:4.1.128.Final]
	at io.netty.util.concurrent.ScheduledFutureTask.run(ScheduledFutureTask.java:160) ~[netty-common-4.1.128.Final.jar:4.1.128.Final]
	at io.netty.util.concurrent.AbstractEventExecutor.runTask(AbstractEventExecutor.java:173) ~[netty-common-4.1.128.Final.jar:4.1.128.Final]
	at io.netty.util.concurrent.AbstractEventExecutor.safeExecute(AbstractEventExecutor.java:166) ~[netty-common-4.1.128.Final.jar:4.1.128.Final]
	at io.netty.util.concurrent.SingleThreadEventExecutor.runAllTasks(SingleThreadEventExecutor.java:472) ~[netty-common-4.1.128.Final.jar:4.1.128.Final]
	at io.netty.channel.nio.NioEventLoop.run(NioEventLoop.java:569) ~[netty-transport-4.1.128.Final.jar:4.1.128.Final]
	at io.netty.util.concurrent.SingleThreadEventExecutor$4.run(SingleThreadEventExecutor.java:998) ~[netty-common-4.1.128.Final.jar:4.1.128.Final]
	at io.netty.util.internal.ThreadExecutorMap$2.run(ThreadExecutorMap.java:74) ~[netty-common-4.1.128.Final.jar:4.1.128.Final]
	at io.netty.util.concurrent.FastThreadLocalRunnable.run(FastThreadLocalRunnable.java:30) ~[netty-common-4.1.128.Final.jar:4.1.128.Final]
	at java.base/java.lang.Thread.run(Thread.java:1583) ~[na:na]

2025-11-12T10:26:32.096+09:00 ERROR 11388 --- [of-site] [http-nio-8095-exec-6] o.a.c.c.C.[.[.[/].[dispatcherServlet]    : Servlet.service() for servlet [dispatcherServlet] in context with path [] threw exception [Request processing failed: org.springframework.web.reactive.function.client.WebClientRequestException: connection timed out after 5000 ms: openapi.onbid.co.kr/59.186.127.202:80] with root cause

io.netty.channel.ConnectTimeoutException: connection timed out after 5000 ms: openapi.onbid.co.kr/59.186.127.202:80
	at io.netty.channel.nio.AbstractNioChannel$AbstractNioUnsafe$1.run(AbstractNioChannel.java:263) ~[netty-transport-4.1.128.Final.jar:4.1.128.Final]
	at io.netty.util.concurrent.PromiseTask.runTask(PromiseTask.java:98) ~[netty-common-4.1.128.Final.jar:4.1.128.Final]
	at io.netty.util.concurrent.ScheduledFutureTask.run(ScheduledFutureTask.java:160) ~[netty-common-4.1.128.Final.jar:4.1.128.Final]
	at io.netty.util.concurrent.AbstractEventExecutor.runTask(AbstractEventExecutor.java:173) ~[netty-common-4.1.128.Final.jar:4.1.128.Final]
	at io.netty.util.concurrent.AbstractEventExecutor.safeExecute(AbstractEventExecutor.java:166) ~[netty-common-4.1.128.Final.jar:4.1.128.Final]
	at io.netty.util.concurrent.SingleThreadEventExecutor.runAllTasks(SingleThreadEventExecutor.java:472) ~[netty-common-4.1.128.Final.jar:4.1.128.Final]
	at io.netty.channel.nio.NioEventLoop.run(NioEventLoop.java:569) ~[netty-transport-4.1.128.Final.jar:4.1.128.Final]
	at io.netty.util.concurrent.SingleThreadEventExecutor$4.run(SingleThreadEventExecutor.java:998) ~[netty-common-4.1.128.Final.jar:4.1.128.Final]
	at io.netty.util.internal.ThreadExecutorMap$2.run(ThreadExecutorMap.java:74) ~[netty-common-4.1.128.Final.jar:4.1.128.Final]
	at io.netty.util.concurrent.FastThreadLocalRunnable.run(FastThreadLocalRunnable.java:30) ~[netty-common-4.1.128.Final.jar:4.1.128.Final]
	at java.base/java.lang.Thread.run(Thread.java:1583) ~[na:na]

2025-11-12T10:26:37.107+09:00 ERROR 11388 --- [of-site] [http-nio-8095-exec-7] o.a.c.c.C.[.[.[/].[dispatcherServlet]    : Servlet.service() for servlet [dispatcherServlet] in context with path [] threw exception [Request processing failed: org.springframework.web.reactive.function.client.WebClientRequestException: connection timed out after 5000 ms: openapi.onbid.co.kr/59.186.127.202:80] with root cause

io.netty.channel.ConnectTimeoutException: connection timed out after 5000 ms: openapi.onbid.co.kr/59.186.127.202:80
	at io.netty.channel.nio.AbstractNioChannel$AbstractNioUnsafe$1.run(AbstractNioChannel.java:263) ~[netty-transport-4.1.128.Final.jar:4.1.128.Final]
	at io.netty.util.concurrent.PromiseTask.runTask(PromiseTask.java:98) ~[netty-common-4.1.128.Final.jar:4.1.128.Final]
	at io.netty.util.concurrent.ScheduledFutureTask.run(ScheduledFutureTask.java:160) ~[netty-common-4.1.128.Final.jar:4.1.128.Final]
	at io.netty.util.concurrent.AbstractEventExecutor.runTask(AbstractEventExecutor.java:173) ~[netty-common-4.1.128.Final.jar:4.1.128.Final]
	at io.netty.util.concurrent.AbstractEventExecutor.safeExecute(AbstractEventExecutor.java:166) ~[netty-common-4.1.128.Final.jar:4.1.128.Final]
	at io.netty.util.concurrent.SingleThreadEventExecutor.runAllTasks(SingleThreadEventExecutor.java:472) ~[netty-common-4.1.128.Final.jar:4.1.128.Final]
	at io.netty.channel.nio.NioEventLoop.run(NioEventLoop.java:569) ~[netty-transport-4.1.128.Final.jar:4.1.128.Final]
	at io.netty.util.concurrent.SingleThreadEventExecutor$4.run(SingleThreadEventExecutor.java:998) ~[netty-common-4.1.128.Final.jar:4.1.128.Final]
	at io.netty.util.internal.ThreadExecutorMap$2.run(ThreadExecutorMap.java:74) ~[netty-common-4.1.128.Final.jar:4.1.128.Final]
	at io.netty.util.concurrent.FastThreadLocalRunnable.run(FastThreadLocalRunnable.java:30) ~[netty-common-4.1.128.Final.jar:4.1.128.Final]
	at java.base/java.lang.Thread.run(Thread.java:1583) ~[na:na]

2025-11-12T13:56:30.391+09:00  INFO 11388 --- [of-site] [RMI TCP Connection(317)-127.0.0.1] inMXBeanRegistrar$SpringApplicationAdmin : Application shutdown requested.
2025-11-12T13:56:30.394+09:00  INFO 11388 --- [of-site] [RMI TCP Connection(317)-127.0.0.1] o.s.b.w.e.tomcat.GracefulShutdown        : Commencing graceful shutdown. Waiting for active requests to complete
2025-11-12T13:56:30.397+09:00  INFO 11388 --- [of-site] [tomcat-shutdown] o.s.b.w.e.tomcat.GracefulShutdown        : Graceful shutdown complete
2025-11-12T13:56:30.413+09:00  INFO 11388 --- [of-site] [RMI TCP Connection(317)-127.0.0.1] com.zaxxer.hikari.HikariDataSource       : HikariPool-1 - Shutdown initiated...
2025-11-12T13:56:30.414+09:00  INFO 11388 --- [of-site] [RMI TCP Connection(317)-127.0.0.1] com.zaxxer.hikari.HikariDataSource       : HikariPool-1 - Shutdown completed.
2025-11-12T13:56:34.992+09:00  INFO 19700 --- [of-site] [restartedMain] com.of.OfSiteApplication                 : Starting OfSiteApplication using Java 21.0.8 with PID 19700 (C:\s09_springboot\s10_sideProj\side-proj\backend\of-site\bin\main started by YONSAI in C:\s09_springboot\s10_sideProj\side-proj\backend\of-site)
2025-11-12T13:56:34.993+09:00 DEBUG 19700 --- [of-site] [restartedMain] com.of.OfSiteApplication                 : Running with Spring Boot v3.5.7, Spring v6.2.12
2025-11-12T13:56:34.994+09:00  INFO 19700 --- [of-site] [restartedMain] com.of.OfSiteApplication                 : No active profile set, falling back to 1 default profile: "default"
2025-11-12T13:56:35.023+09:00  INFO 19700 --- [of-site] [restartedMain] .e.DevToolsPropertyDefaultsPostProcessor : Devtools property defaults active! Set 'spring.devtools.add-properties' to 'false' to disable
2025-11-12T13:56:35.023+09:00  INFO 19700 --- [of-site] [restartedMain] .e.DevToolsPropertyDefaultsPostProcessor : For additional web related logging consider setting the 'logging.level.web' property to 'DEBUG'
2025-11-12T13:56:35.880+09:00  INFO 19700 --- [of-site] [restartedMain] o.s.b.w.embedded.tomcat.TomcatWebServer  : Tomcat initialized with port 8095 (http)
2025-11-12T13:56:35.890+09:00  INFO 19700 --- [of-site] [restartedMain] o.apache.catalina.core.StandardService   : Starting service [Tomcat]
2025-11-12T13:56:35.890+09:00  INFO 19700 --- [of-site] [restartedMain] o.apache.catalina.core.StandardEngine    : Starting Servlet engine: [Apache Tomcat/10.1.48]
2025-11-12T13:56:35.922+09:00  INFO 19700 --- [of-site] [restartedMain] o.a.c.c.C.[Tomcat].[localhost].[/]       : Initializing Spring embedded WebApplicationContext
2025-11-12T13:56:35.922+09:00  INFO 19700 --- [of-site] [restartedMain] w.s.c.ServletWebServerApplicationContext : Root WebApplicationContext: initialization completed in 899 ms
2025-11-12T13:56:35.977+09:00  INFO 19700 --- [of-site] [restartedMain] com.zaxxer.hikari.HikariDataSource       : HikariPool-1 - Starting...
2025-11-12T13:56:36.046+09:00  INFO 19700 --- [of-site] [restartedMain] com.zaxxer.hikari.pool.HikariPool        : HikariPool-1 - Added connection org.mariadb.jdbc.Connection@2eeaec23
2025-11-12T13:56:36.048+09:00  INFO 19700 --- [of-site] [restartedMain] com.zaxxer.hikari.HikariDataSource       : HikariPool-1 - Start completed.
2025-11-12T13:56:36.567+09:00  INFO 19700 --- [of-site] [restartedMain] o.s.b.d.a.OptionalLiveReloadServer       : LiveReload server is running on port 35729
2025-11-12T13:56:36.600+09:00  INFO 19700 --- [of-site] [restartedMain] o.s.b.w.embedded.tomcat.TomcatWebServer  : Tomcat started on port 8095 (http) with context path '/'
2025-11-12T13:56:36.605+09:00  INFO 19700 --- [of-site] [restartedMain] com.of.OfSiteApplication                 : Started OfSiteApplication in 1.894 seconds (process running for 4.116)
2025-11-12T13:56:41.676+09:00  INFO 19700 --- [of-site] [http-nio-8095-exec-1] o.a.c.c.C.[Tomcat].[localhost].[/]       : Initializing Spring DispatcherServlet 'dispatcherServlet'
2025-11-12T13:56:41.676+09:00  INFO 19700 --- [of-site] [http-nio-8095-exec-1] o.s.web.servlet.DispatcherServlet        : Initializing Servlet 'dispatcherServlet'
2025-11-12T13:56:41.677+09:00  INFO 19700 --- [of-site] [http-nio-8095-exec-1] o.s.web.servlet.DispatcherServlet        : Completed initialization in 0 ms
2025-11-12T14:06:33.838+09:00  INFO 19700 --- [of-site] [File Watcher] rtingClassPathChangeChangedEventListener : Restarting due to 18 class path changes (0 additions, 0 deletions, 18 modifications)
2025-11-12T14:06:33.841+09:00  INFO 19700 --- [of-site] [Thread-5] o.s.b.w.e.tomcat.GracefulShutdown        : Commencing graceful shutdown. Waiting for active requests to complete
2025-11-12T14:06:33.844+09:00  INFO 19700 --- [of-site] [tomcat-shutdown] o.s.b.w.e.tomcat.GracefulShutdown        : Graceful shutdown complete
2025-11-12T14:06:33.856+09:00  INFO 19700 --- [of-site] [Thread-5] com.zaxxer.hikari.HikariDataSource       : HikariPool-1 - Shutdown initiated...
2025-11-12T14:06:33.857+09:00  INFO 19700 --- [of-site] [Thread-5] com.zaxxer.hikari.HikariDataSource       : HikariPool-1 - Shutdown completed.
2025-11-12T14:06:33.915+09:00  INFO 19700 --- [of-site] [restartedMain] com.of.OfSiteApplication                 : Starting OfSiteApplication using Java 21.0.8 with PID 19700 (C:\s09_springboot\s10_sideProj\side-proj\backend\of-site\bin\main started by YONSAI in C:\s09_springboot\s10_sideProj\side-proj\backend\of-site)
2025-11-12T14:06:33.915+09:00 DEBUG 19700 --- [of-site] [restartedMain] com.of.OfSiteApplication                 : Running with Spring Boot v3.5.7, Spring v6.2.12
2025-11-12T14:06:33.915+09:00  INFO 19700 --- [of-site] [restartedMain] com.of.OfSiteApplication                 : No active profile set, falling back to 1 default profile: "default"
2025-11-12T14:06:34.207+09:00  INFO 19700 --- [of-site] [restartedMain] o.s.b.w.embedded.tomcat.TomcatWebServer  : Tomcat initialized with port 8095 (http)
2025-11-12T14:06:34.207+09:00  INFO 19700 --- [of-site] [restartedMain] o.apache.catalina.core.StandardService   : Starting service [Tomcat]
2025-11-12T14:06:34.208+09:00  INFO 19700 --- [of-site] [restartedMain] o.apache.catalina.core.StandardEngine    : Starting Servlet engine: [Apache Tomcat/10.1.48]
2025-11-12T14:06:34.221+09:00  INFO 19700 --- [of-site] [restartedMain] o.a.c.c.C.[Tomcat].[localhost].[/]       : Initializing Spring embedded WebApplicationContext
2025-11-12T14:06:34.221+09:00  INFO 19700 --- [of-site] [restartedMain] w.s.c.ServletWebServerApplicationContext : Root WebApplicationContext: initialization completed in 304 ms
2025-11-12T14:06:34.236+09:00  INFO 19700 --- [of-site] [restartedMain] com.zaxxer.hikari.HikariDataSource       : HikariPool-2 - Starting...
2025-11-12T14:06:34.240+09:00  INFO 19700 --- [of-site] [restartedMain] com.zaxxer.hikari.pool.HikariPool        : HikariPool-2 - Added connection org.mariadb.jdbc.Connection@2b047f40
2025-11-12T14:06:34.240+09:00  INFO 19700 --- [of-site] [restartedMain] com.zaxxer.hikari.HikariDataSource       : HikariPool-2 - Start completed.
2025-11-12T14:06:34.384+09:00  INFO 19700 --- [of-site] [restartedMain] o.s.b.d.a.OptionalLiveReloadServer       : LiveReload server is running on port 35729
2025-11-12T14:06:34.395+09:00  INFO 19700 --- [of-site] [restartedMain] o.s.b.w.embedded.tomcat.TomcatWebServer  : Tomcat started on port 8095 (http) with context path '/'
2025-11-12T14:06:34.398+09:00  INFO 19700 --- [of-site] [restartedMain] com.of.OfSiteApplication                 : Started OfSiteApplication in 0.504 seconds (process running for 601.908)
2025-11-12T14:06:34.399+09:00  INFO 19700 --- [of-site] [restartedMain] .ConditionEvaluationDeltaLoggingListener : Condition evaluation unchanged
2025-11-12T14:21:27.831+09:00  INFO 19700 --- [of-site] [File Watcher] rtingClassPathChangeChangedEventListener : Restarting due to 1 class path change (0 additions, 1 deletion, 0 modifications)
2025-11-12T14:21:27.832+09:00  INFO 19700 --- [of-site] [Thread-19] o.s.b.w.e.tomcat.GracefulShutdown        : Commencing graceful shutdown. Waiting for active requests to complete
2025-11-12T14:21:27.834+09:00  INFO 19700 --- [of-site] [tomcat-shutdown] o.s.b.w.e.tomcat.GracefulShutdown        : Graceful shutdown complete
2025-11-12T14:21:27.836+09:00  INFO 19700 --- [of-site] [Thread-19] com.zaxxer.hikari.HikariDataSource       : HikariPool-2 - Shutdown initiated...
2025-11-12T14:21:27.837+09:00  INFO 19700 --- [of-site] [Thread-19] com.zaxxer.hikari.HikariDataSource       : HikariPool-2 - Shutdown completed.
2025-11-12T14:21:27.894+09:00  INFO 19700 --- [of-site] [restartedMain] com.of.OfSiteApplication                 : Starting OfSiteApplication using Java 21.0.8 with PID 19700 (C:\s09_springboot\s10_sideProj\side-proj\backend\of-site\bin\main started by YONSAI in C:\s09_springboot\s10_sideProj\side-proj\backend\of-site)
2025-11-12T14:21:27.894+09:00 DEBUG 19700 --- [of-site] [restartedMain] com.of.OfSiteApplication                 : Running with Spring Boot v3.5.7, Spring v6.2.12
2025-11-12T14:21:27.894+09:00  INFO 19700 --- [of-site] [restartedMain] com.of.OfSiteApplication                 : No active profile set, falling back to 1 default profile: "default"
2025-11-12T14:21:28.060+09:00  INFO 19700 --- [of-site] [restartedMain] o.s.b.w.embedded.tomcat.TomcatWebServer  : Tomcat initialized with port 8095 (http)
2025-11-12T14:21:28.062+09:00  INFO 19700 --- [of-site] [restartedMain] o.apache.catalina.core.StandardService   : Starting service [Tomcat]
2025-11-12T14:21:28.062+09:00  INFO 19700 --- [of-site] [restartedMain] o.apache.catalina.core.StandardEngine    : Starting Servlet engine: [Apache Tomcat/10.1.48]
2025-11-12T14:21:28.075+09:00  INFO 19700 --- [of-site] [restartedMain] o.a.c.c.C.[Tomcat].[localhost].[/]       : Initializing Spring embedded WebApplicationContext
2025-11-12T14:21:28.075+09:00  INFO 19700 --- [of-site] [restartedMain] w.s.c.ServletWebServerApplicationContext : Root WebApplicationContext: initialization completed in 179 ms
2025-11-12T14:21:28.088+09:00  INFO 19700 --- [of-site] [restartedMain] com.zaxxer.hikari.HikariDataSource       : HikariPool-3 - Starting...
2025-11-12T14:21:28.091+09:00  INFO 19700 --- [of-site] [restartedMain] com.zaxxer.hikari.pool.HikariPool        : HikariPool-3 - Added connection org.mariadb.jdbc.Connection@e2ae4cf
2025-11-12T14:21:28.092+09:00  INFO 19700 --- [of-site] [restartedMain] com.zaxxer.hikari.HikariDataSource       : HikariPool-3 - Start completed.
2025-11-12T14:21:28.189+09:00  INFO 19700 --- [of-site] [restartedMain] o.s.b.d.a.OptionalLiveReloadServer       : LiveReload server is running on port 35729
2025-11-12T14:21:28.195+09:00  INFO 19700 --- [of-site] [restartedMain] o.s.b.w.embedded.tomcat.TomcatWebServer  : Tomcat started on port 8095 (http) with context path '/'
2025-11-12T14:21:28.197+09:00  INFO 19700 --- [of-site] [restartedMain] com.of.OfSiteApplication                 : Started OfSiteApplication in 0.322 seconds (process running for 1495.707)
2025-11-12T14:21:28.197+09:00  INFO 19700 --- [of-site] [restartedMain] .ConditionEvaluationDeltaLoggingListener : Condition evaluation unchanged
2025-11-12T14:49:40.569+09:00  INFO 19700 --- [of-site] [File Watcher] rtingClassPathChangeChangedEventListener : Restarting due to 1 class path change (0 additions, 0 deletions, 1 modification)
2025-11-12T14:49:40.570+09:00  INFO 19700 --- [of-site] [Thread-23] o.s.b.w.e.tomcat.GracefulShutdown        : Commencing graceful shutdown. Waiting for active requests to complete
2025-11-12T14:49:40.572+09:00  INFO 19700 --- [of-site] [tomcat-shutdown] o.s.b.w.e.tomcat.GracefulShutdown        : Graceful shutdown complete
2025-11-12T14:49:40.574+09:00  INFO 19700 --- [of-site] [Thread-23] com.zaxxer.hikari.HikariDataSource       : HikariPool-3 - Shutdown initiated...
2025-11-12T14:49:40.574+09:00  INFO 19700 --- [of-site] [Thread-23] com.zaxxer.hikari.HikariDataSource       : HikariPool-3 - Shutdown completed.
2025-11-12T14:49:40.625+09:00  INFO 19700 --- [of-site] [restartedMain] com.of.OfSiteApplication                 : Starting OfSiteApplication using Java 21.0.8 with PID 19700 (C:\s09_springboot\s10_sideProj\side-proj\backend\of-site\bin\main started by YONSAI in C:\s09_springboot\s10_sideProj\side-proj\backend\of-site)
2025-11-12T14:49:40.625+09:00 DEBUG 19700 --- [of-site] [restartedMain] com.of.OfSiteApplication                 : Running with Spring Boot v3.5.7, Spring v6.2.12
2025-11-12T14:49:40.625+09:00  INFO 19700 --- [of-site] [restartedMain] com.of.OfSiteApplication                 : No active profile set, falling back to 1 default profile: "default"
2025-11-12T14:49:40.790+09:00  INFO 19700 --- [of-site] [restartedMain] o.s.b.w.embedded.tomcat.TomcatWebServer  : Tomcat initialized with port 8095 (http)
2025-11-12T14:49:40.791+09:00  INFO 19700 --- [of-site] [restartedMain] o.apache.catalina.core.StandardService   : Starting service [Tomcat]
2025-11-12T14:49:40.791+09:00  INFO 19700 --- [of-site] [restartedMain] o.apache.catalina.core.StandardEngine    : Starting Servlet engine: [Apache Tomcat/10.1.48]
2025-11-12T14:49:40.803+09:00  INFO 19700 --- [of-site] [restartedMain] o.a.c.c.C.[Tomcat].[localhost].[/]       : Initializing Spring embedded WebApplicationContext
2025-11-12T14:49:40.803+09:00  INFO 19700 --- [of-site] [restartedMain] w.s.c.ServletWebServerApplicationContext : Root WebApplicationContext: initialization completed in 176 ms
2025-11-12T14:49:40.816+09:00  INFO 19700 --- [of-site] [restartedMain] com.zaxxer.hikari.HikariDataSource       : HikariPool-4 - Starting...
2025-11-12T14:49:40.818+09:00  INFO 19700 --- [of-site] [restartedMain] com.zaxxer.hikari.pool.HikariPool        : HikariPool-4 - Added connection org.mariadb.jdbc.Connection@5bb88b1d
2025-11-12T14:49:40.818+09:00  INFO 19700 --- [of-site] [restartedMain] com.zaxxer.hikari.HikariDataSource       : HikariPool-4 - Start completed.
2025-11-12T14:49:40.915+09:00  INFO 19700 --- [of-site] [restartedMain] o.s.b.d.a.OptionalLiveReloadServer       : LiveReload server is running on port 35729
2025-11-12T14:49:40.921+09:00  INFO 19700 --- [of-site] [restartedMain] o.s.b.w.embedded.tomcat.TomcatWebServer  : Tomcat started on port 8095 (http) with context path '/'
2025-11-12T14:49:40.923+09:00  INFO 19700 --- [of-site] [restartedMain] com.of.OfSiteApplication                 : Started OfSiteApplication in 0.316 seconds (process running for 3188.435)
2025-11-12T14:49:40.924+09:00  INFO 19700 --- [of-site] [restartedMain] .ConditionEvaluationDeltaLoggingListener : Condition evaluation unchanged
2025-11-12T14:59:03.391+09:00  INFO 19700 --- [of-site] [File Watcher] rtingClassPathChangeChangedEventListener : Restarting due to 1 class path change (0 additions, 0 deletions, 1 modification)
2025-11-12T14:59:03.392+09:00  INFO 19700 --- [of-site] [Thread-27] o.s.b.w.e.tomcat.GracefulShutdown        : Commencing graceful shutdown. Waiting for active requests to complete
2025-11-12T14:59:03.394+09:00  INFO 19700 --- [of-site] [tomcat-shutdown] o.s.b.w.e.tomcat.GracefulShutdown        : Graceful shutdown complete
2025-11-12T14:59:03.395+09:00  INFO 19700 --- [of-site] [Thread-27] com.zaxxer.hikari.HikariDataSource       : HikariPool-4 - Shutdown initiated...
2025-11-12T14:59:03.396+09:00  INFO 19700 --- [of-site] [Thread-27] com.zaxxer.hikari.HikariDataSource       : HikariPool-4 - Shutdown completed.
2025-11-12T14:59:03.469+09:00  INFO 19700 --- [of-site] [restartedMain] com.of.OfSiteApplication                 : Starting OfSiteApplication using Java 21.0.8 with PID 19700 (C:\s09_springboot\s10_sideProj\side-proj\backend\of-site\bin\main started by YONSAI in C:\s09_springboot\s10_sideProj\side-proj\backend\of-site)
2025-11-12T14:59:03.469+09:00 DEBUG 19700 --- [of-site] [restartedMain] com.of.OfSiteApplication                 : Running with Spring Boot v3.5.7, Spring v6.2.12
2025-11-12T14:59:03.469+09:00  INFO 19700 --- [of-site] [restartedMain] com.of.OfSiteApplication                 : No active profile set, falling back to 1 default profile: "default"
2025-11-12T14:59:03.628+09:00  INFO 19700 --- [of-site] [restartedMain] o.s.b.w.embedded.tomcat.TomcatWebServer  : Tomcat initialized with port 8095 (http)
2025-11-12T14:59:03.629+09:00  INFO 19700 --- [of-site] [restartedMain] o.apache.catalina.core.StandardService   : Starting service [Tomcat]
2025-11-12T14:59:03.629+09:00  INFO 19700 --- [of-site] [restartedMain] o.apache.catalina.core.StandardEngine    : Starting Servlet engine: [Apache Tomcat/10.1.48]
2025-11-12T14:59:03.641+09:00  INFO 19700 --- [of-site] [restartedMain] o.a.c.c.C.[Tomcat].[localhost].[/]       : Initializing Spring embedded WebApplicationContext
2025-11-12T14:59:03.642+09:00  INFO 19700 --- [of-site] [restartedMain] w.s.c.ServletWebServerApplicationContext : Root WebApplicationContext: initialization completed in 171 ms
2025-11-12T14:59:03.653+09:00  INFO 19700 --- [of-site] [restartedMain] com.zaxxer.hikari.HikariDataSource       : HikariPool-5 - Starting...
2025-11-12T14:59:03.659+09:00  INFO 19700 --- [of-site] [restartedMain] com.zaxxer.hikari.pool.HikariPool        : HikariPool-5 - Added connection org.mariadb.jdbc.Connection@3b249cc6
2025-11-12T14:59:03.659+09:00  INFO 19700 --- [of-site] [restartedMain] com.zaxxer.hikari.HikariDataSource       : HikariPool-5 - Start completed.
2025-11-12T14:59:03.765+09:00  INFO 19700 --- [of-site] [restartedMain] o.s.b.d.a.OptionalLiveReloadServer       : LiveReload server is running on port 35729
2025-11-12T14:59:03.772+09:00  INFO 19700 --- [of-site] [restartedMain] o.s.b.w.embedded.tomcat.TomcatWebServer  : Tomcat started on port 8095 (http) with context path '/'
2025-11-12T14:59:03.773+09:00  INFO 19700 --- [of-site] [restartedMain] com.of.OfSiteApplication                 : Started OfSiteApplication in 0.322 seconds (process running for 3751.285)
2025-11-12T14:59:03.774+09:00  INFO 19700 --- [of-site] [restartedMain] .ConditionEvaluationDeltaLoggingListener : Condition evaluation unchanged
